<?xml version="1.0" encoding="UTF-8"?>
<!-- Generated by org.testng.reporters.JUnitReportReporter -->
<testsuite hostname="Sara-Laptop" name="tests.DynamicLoadingTest" tests="3" failures="0" timestamp="24 May 2020 20:29:31 GMT" time="6.924" errors="0">
  <testcase name="verifyNavigatingToDynamicLoagingExample2" time="0.640" classname="tests.DynamicLoadingTest"/>
  <testcase name="verifyStartingTheDynamicLoadging" time="5.151" classname="tests.DynamicLoadingTest"/>
  <testcase name="verifyOpeningDynamicLoadingPage" time="1.133" classname="tests.DynamicLoadingTest"/>
</testsuite> <!-- tests.DynamicLoadingTest -->
