<?xml version="1.0" encoding="UTF-8"?>
<!-- Generated by org.testng.reporters.JUnitReportReporter -->
<testsuite hostname="Sara-Laptop" name="tests.FileUploaderTest" tests="2" failures="0" timestamp="24 May 2020 20:29:31 GMT" time="6.122" errors="0">
  <testcase name="verifyOpeningFileUploaderPage" time="5.265" classname="tests.FileUploaderTest"/>
  <testcase name="verifyUploadingFile" time="0.857" classname="tests.FileUploaderTest"/>
</testsuite> <!-- tests.FileUploaderTest -->
