<?xml version="1.0" encoding="UTF-8"?>
<!-- Generated by org.testng.reporters.JUnitReportReporter -->
<testsuite hostname="Sara-Laptop" name="tests.TheInternetListTest" tests="1" failures="0" timestamp="23 May 2020 20:55:47 GMT" time="3.404" errors="0">
  <testcase name="verifyOpeningFileUploaderPage" time="3.404" classname="tests.TheInternetListTest"/>
</testsuite> <!-- tests.TheInternetListTest -->
