<?xml version="1.0" encoding="UTF-8"?>
<!-- Generated by org.testng.reporters.JUnitReportReporter -->
<testsuite hostname="Sara-Laptop" name="tests.GoogleSearchTest" tests="1" failures="0" timestamp="24 May 2020 20:29:31 GMT" time="3.180" errors="0">
  <testcase name="verifySearchResults" time="3.180" classname="tests.GoogleSearchTest"/>
</testsuite> <!-- tests.GoogleSearchTest -->
