<?xml version="1.0" encoding="UTF-8"?>
<!-- Generated by org.testng.reporters.JUnitReportReporter -->
<testsuite hostname="Sara-Laptop" name="tests.SearchTest" tests="1" failures="0" timestamp="23 May 2020 15:56:52 GMT" time="2.564" errors="0">
  <testcase name="verifySearchResults" time="2.564" classname="tests.SearchTest"/>
</testsuite> <!-- tests.SearchTest -->
